Arguments: 
  /Users/giancarlo/.nvm/versions/node/v8.5.0/bin/node /Users/giancarlo/.yarn/bin/yarn.js dev-server

PATH: 
  /Users/giancarlo/.yarn/bin:/Users/giancarlo/.nvm/versions/node/v8.5.0/bin:/usr/local/bin:/usr/bin:/bin:/usr/sbin:/sbin:/Users/giancarlo/.rvm/gems/ruby-2.4.1/bin:/Users/giancarlo/.rvm/gems/ruby-2.4.1@global/bin:/Users/giancarlo/.rvm/rubies/ruby-2.4.1/bin:/Users/giancarlo/.yarn/bin:/Users/giancarlo/.rvm/bin:/Users/giancarlo/.rvm/bin

Yarn version: 
  1.5.1

Node version: 
  8.5.0

Platform: 
  darwin x64

npm manifest: 
  {
    "name": "brazil-dental-care-web",
    "version": "0.0.1",
    "main": "index.js",
    "author": "-",
    "license": "MIT",
    "scripts": {
      "build:dev": "webpack",
      "build:prod": "webpack -p --env production",
      "dev-server": "webpack-dev-server",
      "test": "jest --config=jest.config.json --watch",
      "start": "node server/server.js",
      "heroku-postbuild": "yarn run build:prod"
    },
    "dependencies": {
      "@fortawesome/fontawesome": "^1.1.3",
      "@fortawesome/fontawesome-free-solid": "^5.0.6",
      "@fortawesome/react-fontawesome": "0.0.17",
      "axios": "^0.17.1",
      "babel-cli": "^6.26.0",
      "babel-core": "^6.26.0",
      "babel-loader": "^7.1.2",
      "babel-plugin-transform-class-properties": "^6.24.1",
      "babel-plugin-transform-object-rest-spread": "^6.26.0",
      "babel-preset-env": "1.5.2",
      "babel-preset-react": "6.24.1",
      "bootstrap": "^4.0.0",
      "css-loader": "^0.28.7",
      "express": "^4.16.2",
      "extract-text-webpack-plugin": "^3.0.2",
      "firebase": "^4.6.2",
      "history": "^4.7.2",
      "jquery": "^3.3.1",
      "leaflet": "^1.3.1",
      "lodash": "^4.17.5",
      "moment": "^2.19.2",
      "node-sass": "^4.6.0",
      "normalize.css": "^7.0.0",
      "numeral": "^2.0.6",
      "popper.js": "^1.12.9",
      "prop-types": "^15.6.0",
      "raf": "^3.4.0",
      "react": "^16.2.0",
      "react-addons-shallow-compare": "^15.6.2",
      "react-dates": "^15.1.0",
      "react-dom": "^16.2.0",
      "react-leaflet": "^1.8.0",
      "react-localization": "^0.1.7",
      "react-modal": "^3.1.0",
      "react-modal-login": "^1.1.3",
      "react-redux": "^5.0.6",
      "react-router-dom": "^4.2.2",
      "react-scrollable-anchor": "^0.6.1",
      "reactstrap": "^5.0.0-alpha.4",
      "redux": "^3.7.2",
      "redux-thunk": "^2.2.0",
      "sass-loader": "^6.0.6",
      "style-loader": "^0.19.0",
      "uuid": "^3.1.0",
      "validator": "^9.1.1",
      "webpack": "3.1.0"
    },
    "devDependencies": {
      "enzyme": "^3.2.0",
      "enzyme-adapter-react-16": "^1.1.0",
      "enzyme-to-json": "^3.2.2",
      "jest": "^21.2.1",
      "react-test-renderer": "^16.1.1",
      "webpack-dev-server": "^2.9.4"
    }
  }

yarn manifest: 
  No manifest

Lockfile: 
  No lockfile

Trace: 
  Error: Command failed.
  Exit code: 127
  Command: sh
  Arguments: -c webpack-dev-server
  Directory: /Users/giancarlo/Projects/Personal projects/brazil-dental-care-web
  Output:
  
      at ProcessTermError.MessageError (/Users/giancarlo/.yarn/lib/cli.js:186:110)
      at new ProcessTermError (/Users/giancarlo/.yarn/lib/cli.js:226:113)
      at ChildProcess.<anonymous> (/Users/giancarlo/.yarn/lib/cli.js:30281:17)
      at emitTwo (events.js:125:13)
      at ChildProcess.emit (events.js:213:7)
      at maybeClose (internal/child_process.js:927:16)
      at Process.ChildProcess._handle.onexit (internal/child_process.js:211:5)
